<?xml version="1.0" encoding="UTF-8"?>
<testsuite xmlns:xsi="http://www.w3.org/2001/XMLSchema-instance" xsi:noNamespaceSchemaLocation="https://maven.apache.org/surefire/maven-surefire-plugin/xsd/surefire-test-report-3.0.xsd" version="3.0" name="TestSuite" time="5.072" tests="6" errors="0" skipped="4" failures="2">
  <properties>
[...]
</properties>
  <testcase name="setDriver" classname="suite.test.LoginTest" time="3.204">
    <failure message="Could not start a new session. Possible causes are invalid address of the remote server or browser start-up failure.&#10;Build info: version: &apos;3.141.59&apos;, revision: &apos;e82be7d358&apos;, time: &apos;2018-11-14T08:17:03&apos;&#10;System info: host: &apos;LAPTOP-027GD316&apos;, ip: &apos;192.168.1.4&apos;, os.name: &apos;Windows 10&apos;, os.arch: &apos;amd64&apos;, os.version: &apos;10.0&apos;, java.version: &apos;1.8.0_181&apos;&#10;Driver info: driver.version: ChromeDriver" type="org.openqa.selenium.remote.UnreachableBrowserException"><![CDATA[org.openqa.selenium.remote.UnreachableBrowserException: 
Could not start a new session. Possible causes are invalid address of the remote server or browser start-up failure.
Build info: version: '3.141.59', revision: 'e82be7d358', time: '2018-11-14T08:17:03'
System info: host: 'LAPTOP-027GD316', ip: '192.168.1.4', os.name: 'Windows 10', os.arch: 'amd64', os.version: '10.0', java.version: '1.8.0_181'
Driver info: driver.version: ChromeDriver
Caused by: java.lang.NullPointerException: at index 1
]]></failure>
    <system-out><![CDATA[[DEBUG] 05-08-2020 12:48:18,753 - Preference chrome=84 (valid until 2020-08-06 12:39:37)
[DEBUG] 05-08-2020 12:48:18,755 - Preference chrome84=84.0.4147.30 (valid until 2020-08-06 12:39:38)
[INFO ] 05-08-2020 12:48:18,756 - Using chromedriver 84.0.4147.30 (since Google Chrome 84 is installed in your machine)
[DEBUG] 05-08-2020 12:48:18,773 - Driver chromedriver 84.0.4147.30 found in cache
[INFO ] 05-08-2020 12:48:18,774 - Exporting webdriver.chrome.driver as C:\Users\Admin\.m2\repository\webdriver\chromedriver\win32\84.0.4147.30\chromedriver.exe
[DEBUG] 05-08-2020 12:48:18,784 - Preference chrome=84 (valid until 2020-08-06 12:39:37)
[DEBUG] 05-08-2020 12:48:18,785 - Preference chrome84=84.0.4147.30 (valid until 2020-08-06 12:39:38)
[INFO ] 05-08-2020 12:48:18,786 - Using chromedriver 84.0.4147.30 (since Google Chrome 84 is installed in your machine)
[DEBUG] 05-08-2020 12:48:18,791 - Driver chromedriver 84.0.4147.30 found in cache
[INFO ] 05-08-2020 12:48:18,791 - Exporting webdriver.chrome.driver as C:\Users\Admin\.m2\repository\webdriver\chromedriver\win32\84.0.4147.30\chromedriver.exe
[DEBUG] 05-08-2020 12:48:19,045 - Connection manager is shutting down
[DEBUG] 05-08-2020 12:48:19,046 - Connection manager shut down
]]></system-out>
    <system-err><![CDATA[Aug 05, 2020 12:48:17 PM java.util.prefs.WindowsPreferences <init>
WARNING: Could not open/create prefs root node Software\JavaSoft\Prefs at root 0x80000002. Windows RegCreateKeyEx(...) returned error code 5.
Starting ChromeDriver 84.0.4147.30 (48b3e868b4cc0aa7e8149519690b6f6949e110a8-refs/branch-heads/4147@{#310}) on port 9433
Only local connections are allowed.
Please see https://chromedriver.chromium.org/security-considerations for suggestions on keeping ChromeDriver safe.
Starting ChromeDriver 84.0.4147.30 (48b3e868b4cc0aa7e8149519690b6f6949e110a8-refs/branch-heads/4147@{#310}) on port 13797
Only local connections are allowed.
Please see https://chromedriver.chromium.org/security-considerations for suggestions on keeping ChromeDriver safe.
ChromeDriver was started successfully.
ChromeDriver was started successfully.
]]></system-err>
  </testcase>
  <testcase name="setDriver" classname="suite.test.LoginTest" time="3.671">
    <failure message="Could not start a new session. Possible causes are invalid address of the remote server or browser start-up failure.&#10;Build info: version: &apos;3.141.59&apos;, revision: &apos;e82be7d358&apos;, time: &apos;2018-11-14T08:17:03&apos;&#10;System info: host: &apos;LAPTOP-027GD316&apos;, ip: &apos;192.168.1.4&apos;, os.name: &apos;Windows 10&apos;, os.arch: &apos;amd64&apos;, os.version: &apos;10.0&apos;, java.version: &apos;1.8.0_181&apos;&#10;Driver info: driver.version: ChromeDriver" type="org.openqa.selenium.remote.UnreachableBrowserException"><![CDATA[org.openqa.selenium.remote.UnreachableBrowserException: 
Could not start a new session. Possible causes are invalid address of the remote server or browser start-up failure.
Build info: version: '3.141.59', revision: 'e82be7d358', time: '2018-11-14T08:17:03'
System info: host: 'LAPTOP-027GD316', ip: '192.168.1.4', os.name: 'Windows 10', os.arch: 'amd64', os.version: '10.0', java.version: '1.8.0_181'
Driver info: driver.version: ChromeDriver
Caused by: java.lang.NullPointerException: at index 1
]]></failure>
  </testcase>
  <testcase name="dt_1" classname="suite.test.LoginTest" time="0">
    <skipped message="Could not start a new session. Possible causes are invalid address of the remote server or browser start-up failure.&#10;Build info: version: &apos;3.141.59&apos;, revision: &apos;e82be7d358&apos;, time: &apos;2018-11-14T08:17:03&apos;&#10;System info: host: &apos;LAPTOP-027GD316&apos;, ip: &apos;192.168.1.4&apos;, os.name: &apos;Windows 10&apos;, os.arch: &apos;amd64&apos;, os.version: &apos;10.0&apos;, java.version: &apos;1.8.0_181&apos;&#10;Driver info: driver.version: ChromeDriver"/>
  </testcase>
  <testcase name="dt_1" classname="suite.test.LoginTest" time="0">
    <skipped message="Could not start a new session. Possible causes are invalid address of the remote server or browser start-up failure.&#10;Build info: version: &apos;3.141.59&apos;, revision: &apos;e82be7d358&apos;, time: &apos;2018-11-14T08:17:03&apos;&#10;System info: host: &apos;LAPTOP-027GD316&apos;, ip: &apos;192.168.1.4&apos;, os.name: &apos;Windows 10&apos;, os.arch: &apos;amd64&apos;, os.version: &apos;10.0&apos;, java.version: &apos;1.8.0_181&apos;&#10;Driver info: driver.version: ChromeDriver"/>
  </testcase>
  <testcase name="tearDown" classname="suite.test.LoginTest" time="0">
    <skipped/>
  </testcase>
  <testcase name="tearDown" classname="suite.test.LoginTest" time="0">
    <skipped/>
  </testcase>
</testsuite>